<?xml version="1.0" encoding="UTF-8"?>
<testsuite xmlns:xsi="http://www.w3.org/2001/XMLSchema-instance" xsi:noNamespaceSchemaLocation="https://maven.apache.org/surefire/maven-surefire-plugin/xsd/surefire-test-report-3.0.xsd" version="3.0" name="com.chetankansal.journalapp.JournalappApplicationTests" time="6.446" tests="1" errors="0" skipped="0" failures="0">
  <properties>
[...]
</properties>
  <testcase name="contextLoads" classname="com.chetankansal.journalapp.JournalappApplicationTests" time="0.817">
    <system-out><![CDATA[22:09:22.829 [main] INFO org.springframework.test.context.support.AnnotationConfigContextLoaderUtils -- Could not detect default configuration classes for test class [com.chetankansal.journalapp.JournalappApplicationTests]: JournalappApplicationTests does not declare any static, non-private, non-final, nested classes annotated with @Configuration.
22:09:22.946 [main] INFO org.springframework.boot.test.context.SpringBootTestContextBootstrapper -- Found @SpringBootConfiguration com.chetankansal.journalapp.JournalApplication for test class com.chetankansal.journalapp.JournalappApplicationTests

  .   ____          _            __ _ _
 /\\ / ___'_ __ _ _(_)_ __  __ _ \ \ \ \
( ( )\___ | '_ | '_| | '_ \/ _` | \ \ \ \
 \\/  ___)| |_)| | | | | || (_| |  ) ) ) )
  '  |____| .__|_| |_|_| |_\__, | / / / /
 =========|_|==============|___/=/_/_/_/

 :: Spring Boot ::                (v3.3.3)

2024-10-07T22:09:23.585+05:30  INFO 31856 --- [           main] c.c.j.JournalappApplicationTests         : Starting JournalappApplicationTests using Java 22.0.1 with PID 31856 (started by ckans in C:\Users\ckans\Documents\chetan\Journal Full Stack App\journalapp)
2024-10-07T22:09:23.586+05:30  INFO 31856 --- [           main] c.c.j.JournalappApplicationTests         : No active profile set, falling back to 1 default profile: "default"
2024-10-07T22:09:24.829+05:30  INFO 31856 --- [           main] .s.d.r.c.RepositoryConfigurationDelegate : Bootstrapping Spring Data MongoDB repositories in DEFAULT mode.
2024-10-07T22:09:24.896+05:30  INFO 31856 --- [           main] .s.d.r.c.RepositoryConfigurationDelegate : Finished Spring Data repository scanning in 62 ms. Found 2 MongoDB repository interfaces.
2024-10-07T22:09:25.658+05:30  INFO 31856 --- [ppx.mongodb.net] org.mongodb.driver.cluster               : Adding discovered server cluster0-shard-00-00.scppx.mongodb.net:27017 to client view of cluster
2024-10-07T22:09:25.693+05:30  INFO 31856 --- [           main] org.mongodb.driver.client                : MongoClient with metadata {"driver": {"name": "mongo-java-driver|sync|spring-boot", "version": "5.0.1"}, "os": {"type": "Windows", "name": "Windows 11", "architecture": "amd64", "version": "10.0"}, "platform": "Java/Oracle Corporation/22.0.1+8-16"} created with settings MongoClientSettings{readPreference=primary, writeConcern=WriteConcern{w=null, wTimeout=null ms, journal=null}, retryWrites=true, retryReads=true, readConcern=ReadConcern{level=null}, credential=MongoCredential{mechanism=null, userName='ckansal0', source='admin', password=<hidden>, mechanismProperties=<hidden>}, transportSettings=null, commandListeners=[io.micrometer.core.instrument.binder.mongodb.MongoMetricsCommandListener@1e40fbb3], codecRegistry=ProvidersCodecRegistry{codecProviders=[ValueCodecProvider{}, BsonValueCodecProvider{}, DBRefCodecProvider{}, DBObjectCodecProvider{}, DocumentCodecProvider{}, CollectionCodecProvider{}, IterableCodecProvider{}, MapCodecProvider{}, GeoJsonCodecProvider{}, GridFSFileCodecProvider{}, Jsr310CodecProvider{}, JsonObjectCodecProvider{}, BsonCodecProvider{}, EnumCodecProvider{}, com.mongodb.client.model.mql.ExpressionCodecProvider@1b560eb0, com.mongodb.Jep395RecordCodecProvider@9e02f84, com.mongodb.KotlinCodecProvider@1e6060f1]}, loggerSettings=LoggerSettings{maxDocumentLength=1000}, clusterSettings={hosts=[127.0.0.1:27017], srvHost=cluster0.scppx.mongodb.net, srvServiceName=mongodb, mode=MULTIPLE, requiredClusterType=REPLICA_SET, requiredReplicaSetName='atlas-8scfkf-shard-0', serverSelector='null', clusterListeners='[]', serverSelectionTimeout='30000 ms', localThreshold='15 ms'}, socketSettings=SocketSettings{connectTimeoutMS=10000, readTimeoutMS=0, receiveBufferSize=0, proxySettings=ProxySettings{host=null, port=null, username=null, password=null}}, heartbeatSocketSettings=SocketSettings{connectTimeoutMS=10000, readTimeoutMS=10000, receiveBufferSize=0, proxySettings=ProxySettings{host=null, port=null, username=null, password=null}}, connectionPoolSettings=ConnectionPoolSettings{maxSize=100, minSize=0, maxWaitTimeMS=120000, maxConnectionLifeTimeMS=0, maxConnectionIdleTimeMS=0, maintenanceInitialDelayMS=0, maintenanceFrequencyMS=60000, connectionPoolListeners=[io.micrometer.core.instrument.binder.mongodb.MongoMetricsConnectionPoolListener@7e49ded], maxConnecting=2}, serverSettings=ServerSettings{heartbeatFrequencyMS=10000, minHeartbeatFrequencyMS=500, serverListeners='[]', serverMonitorListeners='[]'}, sslSettings=SslSettings{enabled=true, invalidHostNameAllowed=false, context=null}, applicationName='null', compressorList=[], uuidRepresentation=JAVA_LEGACY, serverApi=null, autoEncryptionSettings=null, dnsClient=null, inetAddressResolver=null, contextProvider=null}
2024-10-07T22:09:25.713+05:30  INFO 31856 --- [ppx.mongodb.net] org.mongodb.driver.cluster               : Adding discovered server cluster0-shard-00-02.scppx.mongodb.net:27017 to client view of cluster
2024-10-07T22:09:25.717+05:30  INFO 31856 --- [ppx.mongodb.net] org.mongodb.driver.cluster               : Adding discovered server cluster0-shard-00-01.scppx.mongodb.net:27017 to client view of cluster
2024-10-07T22:09:26.211+05:30  INFO 31856 --- [           main] org.mongodb.driver.cluster               : Waiting for server to become available for operation with ID 7. Remaining time: 30000 ms. Selector: WritableServerSelector, topology description: {type=REPLICA_SET, servers=[{address=cluster0-shard-00-00.scppx.mongodb.net:27017, type=UNKNOWN, state=CONNECTING}, {address=cluster0-shard-00-01.scppx.mongodb.net:27017, type=UNKNOWN, state=CONNECTING}, {address=cluster0-shard-00-02.scppx.mongodb.net:27017, type=UNKNOWN, state=CONNECTING}].
2024-10-07T22:09:26.434+05:30  INFO 31856 --- [ngodb.net:27017] org.mongodb.driver.cluster               : Monitor thread successfully connected to server with description ServerDescription{address=cluster0-shard-00-01.scppx.mongodb.net:27017, type=REPLICA_SET_SECONDARY, state=CONNECTED, ok=true, minWireVersion=0, maxWireVersion=21, maxDocumentSize=16777216, logicalSessionTimeoutMinutes=30, roundTripTimeNanos=394846900, setName='atlas-8scfkf-shard-0', canonicalAddress=cluster0-shard-00-01.scppx.mongodb.net:27017, hosts=[cluster0-shard-00-00.scppx.mongodb.net:27017, cluster0-shard-00-02.scppx.mongodb.net:27017, cluster0-shard-00-01.scppx.mongodb.net:27017], passives=[], arbiters=[], primary='cluster0-shard-00-02.scppx.mongodb.net:27017', tagSet=TagSet{[Tag{name='availabilityZone', value='aps1-az3'}, Tag{name='diskState', value='READY'}, Tag{name='nodeType', value='ELECTABLE'}, Tag{name='provider', value='AWS'}, Tag{name='region', value='AP_SOUTH_1'}, Tag{name='workloadType', value='OPERATIONAL'}]}, electionId=null, setVersion=144, topologyVersion=TopologyVersion{processId=67013a239bffb9d42c666825, counter=3}, lastWriteDate=Mon Oct 07 22:09:15 IST 2024, lastUpdateTimeNanos=2042047511248100}
2024-10-07T22:09:26.434+05:30  INFO 31856 --- [ngodb.net:27017] org.mongodb.driver.cluster               : Monitor thread successfully connected to server with description ServerDescription{address=cluster0-shard-00-02.scppx.mongodb.net:27017, type=REPLICA_SET_PRIMARY, state=CONNECTED, ok=true, minWireVersion=0, maxWireVersion=21, maxDocumentSize=16777216, logicalSessionTimeoutMinutes=30, roundTripTimeNanos=393851900, setName='atlas-8scfkf-shard-0', canonicalAddress=cluster0-shard-00-02.scppx.mongodb.net:27017, hosts=[cluster0-shard-00-00.scppx.mongodb.net:27017, cluster0-shard-00-02.scppx.mongodb.net:27017, cluster0-shard-00-01.scppx.mongodb.net:27017], passives=[], arbiters=[], primary='cluster0-shard-00-02.scppx.mongodb.net:27017', tagSet=TagSet{[Tag{name='availabilityZone', value='aps1-az2'}, Tag{name='diskState', value='READY'}, Tag{name='nodeType', value='ELECTABLE'}, Tag{name='provider', value='AWS'}, Tag{name='region', value='AP_SOUTH_1'}, Tag{name='workloadType', value='OPERATIONAL'}]}, electionId=7fffffff000000000000023b, setVersion=144, topologyVersion=TopologyVersion{processId=6701377b00a6ced99f4adb19, counter=6}, lastWriteDate=Mon Oct 07 22:09:15 IST 2024, lastUpdateTimeNanos=2042047511248300}
2024-10-07T22:09:26.434+05:30  INFO 31856 --- [ngodb.net:27017] org.mongodb.driver.cluster               : Monitor thread successfully connected to server with description ServerDescription{address=cluster0-shard-00-00.scppx.mongodb.net:27017, type=REPLICA_SET_SECONDARY, state=CONNECTED, ok=true, minWireVersion=0, maxWireVersion=21, maxDocumentSize=16777216, logicalSessionTimeoutMinutes=30, roundTripTimeNanos=390246500, setName='atlas-8scfkf-shard-0', canonicalAddress=cluster0-shard-00-00.scppx.mongodb.net:27017, hosts=[cluster0-shard-00-00.scppx.mongodb.net:27017, cluster0-shard-00-02.scppx.mongodb.net:27017, cluster0-shard-00-01.scppx.mongodb.net:27017], passives=[], arbiters=[], primary='cluster0-shard-00-02.scppx.mongodb.net:27017', tagSet=TagSet{[Tag{name='availabilityZone', value='aps1-az1'}, Tag{name='diskState', value='READY'}, Tag{name='nodeType', value='ELECTABLE'}, Tag{name='provider', value='AWS'}, Tag{name='region', value='AP_SOUTH_1'}, Tag{name='workloadType', value='OPERATIONAL'}]}, electionId=null, setVersion=144, topologyVersion=TopologyVersion{processId=6701387fee34a1c854781493, counter=4}, lastWriteDate=Mon Oct 07 22:09:15 IST 2024, lastUpdateTimeNanos=2042047511248300}
2024-10-07T22:09:26.438+05:30  INFO 31856 --- [ngodb.net:27017] org.mongodb.driver.cluster               : Discovered replica set primary cluster0-shard-00-02.scppx.mongodb.net:27017 with max election id 7fffffff000000000000023b and max set version 144
2024-10-07T22:09:27.041+05:30  INFO 31856 --- [           main] eAuthenticationProviderManagerConfigurer : Global AuthenticationManager configured with AuthenticationProvider bean with name authenticationProvider
2024-10-07T22:09:27.042+05:30  WARN 31856 --- [           main] r$InitializeUserDetailsManagerConfigurer : Global AuthenticationManager configured with an AuthenticationProvider bean. UserDetailsService beans will not be used for username/password login. Consider removing the AuthenticationProvider bean. Alternatively, consider using the UserDetailsService in a manually instantiated DaoAuthenticationProvider.
2024-10-07T22:09:27.589+05:30  INFO 31856 --- [           main] o.s.b.a.e.web.EndpointLinksResolver      : Exposing 1 endpoint beneath base path '/actuator'
2024-10-07T22:09:28.170+05:30  INFO 31856 --- [           main] c.c.j.JournalappApplicationTests         : Started JournalappApplicationTests in 5.043 seconds (process running for 6.166)
]]></system-out>
    <system-err><![CDATA[WARNING: A Java agent has been loaded dynamically (C:\Users\ckans\.m2\repository\net\bytebuddy\byte-buddy-agent\1.14.19\byte-buddy-agent-1.14.19.jar)
WARNING: If a serviceability tool is in use, please run with -XX:+EnableDynamicAgentLoading to hide this warning
WARNING: If a serviceability tool is not in use, please run with -Djdk.instrument.traceUsage for more information
WARNING: Dynamic loading of agents will be disallowed by default in a future release
]]></system-err>
  </testcase>
</testsuite>